<?xml version="1.0" encoding="UTF-8"?>
<!-- Generated by org.testng.reporters.JUnitXMLReporter -->
<testsuite hostname="DESKTOP-HNE5R9E" name="Surefire test" tests="3" failures="0" timestamp="5 Mar 2016 08:08:32 GMT" time="0.136" errors="0">
  <testcase name="hasToStartWithPlus" time="0.12" classname="com.eusia.autocomplete.Autocomplete.shared.ContactsTest"/>
  <testcase name="mayContainSpaces" time="0.0" classname="com.eusia.autocomplete.Autocomplete.shared.ContactsTest"/>
  <testcase name="noAlphabetInPhoneNumber" time="0.0" classname="com.eusia.autocomplete.Autocomplete.shared.ContactsTest"/>
</testsuite> <!-- Surefire test -->
